<?xml version="1.0" encoding="UTF-8"?>
<testng-results total="3" passed="3" failed="0" skipped="0">
  <reporter-output>
  </reporter-output>
  <suite started-at="2021-09-10T10:12:31Z" name="Parallel" finished-at="2021-09-10T10:13:15Z" duration-ms="43813">
    <groups>
    </groups>
    <test started-at="2021-09-10T10:12:31Z" name="ParallelTestPixel5" finished-at="2021-09-10T10:13:04Z" duration-ms="32203">
      <class name="com.browserstack.run_parallel_test.ParallelTest">
        <test-method is-config="true" signature="setUp(java.lang.String)[pri:0, instance:com.browserstack.run_parallel_test.ParallelTest@57d5872c]" started-at="2021-09-10T11:12:31Z" name="setUp" finished-at="2021-09-10T11:12:54Z" duration-ms="22297" status="PASS">
          <params>
            <param index="0">
              <value>
                <![CDATA[1]]>
              </value>
            </param>
          </params>
          <reporter-output>
          </reporter-output>
        </test-method> <!-- setUp -->
        <test-method signature="test()[pri:0, instance:com.browserstack.run_parallel_test.ParallelTest@57d5872c]" started-at="2021-09-10T11:12:54Z" name="test" finished-at="2021-09-10T11:13:03Z" duration-ms="8788" status="PASS">
          <reporter-output>
          </reporter-output>
        </test-method> <!-- test -->
        <test-method is-config="true" signature="tearDown()[pri:0, instance:com.browserstack.run_parallel_test.ParallelTest@57d5872c]" started-at="2021-09-10T11:13:03Z" name="tearDown" finished-at="2021-09-10T11:13:04Z" duration-ms="1090" status="PASS">
          <reporter-output>
          </reporter-output>
        </test-method> <!-- tearDown -->
      </class> <!-- com.browserstack.run_parallel_test.ParallelTest -->
    </test> <!-- ParallelTestPixel5 -->
    <test started-at="2021-09-10T10:12:31Z" name="ParallelTestPixel3" finished-at="2021-09-10T10:13:05Z" duration-ms="33962">
      <class name="com.browserstack.run_parallel_test.ParallelTest">
        <test-method is-config="true" signature="setUp(java.lang.String)[pri:0, instance:com.browserstack.run_parallel_test.ParallelTest@64d2d351]" started-at="2021-09-10T11:12:31Z" name="setUp" finished-at="2021-09-10T11:12:56Z" duration-ms="24460" status="PASS">
          <params>
            <param index="0">
              <value>
                <![CDATA[0]]>
              </value>
            </param>
          </params>
          <reporter-output>
          </reporter-output>
        </test-method> <!-- setUp -->
        <test-method signature="test()[pri:0, instance:com.browserstack.run_parallel_test.ParallelTest@64d2d351]" started-at="2021-09-10T11:12:56Z" name="test" finished-at="2021-09-10T11:13:04Z" duration-ms="8514" status="PASS">
          <reporter-output>
          </reporter-output>
        </test-method> <!-- test -->
        <test-method is-config="true" signature="tearDown()[pri:0, instance:com.browserstack.run_parallel_test.ParallelTest@64d2d351]" started-at="2021-09-10T11:13:04Z" name="tearDown" finished-at="2021-09-10T11:13:05Z" duration-ms="964" status="PASS">
          <reporter-output>
          </reporter-output>
        </test-method> <!-- tearDown -->
      </class> <!-- com.browserstack.run_parallel_test.ParallelTest -->
    </test> <!-- ParallelTestPixel3 -->
    <test started-at="2021-09-10T10:12:31Z" name="ParallelTestGalaxyS21" finished-at="2021-09-10T10:13:15Z" duration-ms="43812">
      <class name="com.browserstack.run_parallel_test.ParallelTest">
        <test-method is-config="true" signature="setUp(java.lang.String)[pri:0, instance:com.browserstack.run_parallel_test.ParallelTest@400cff1a]" started-at="2021-09-10T11:12:31Z" name="setUp" finished-at="2021-09-10T11:13:06Z" duration-ms="34685" status="PASS">
          <params>
            <param index="0">
              <value>
                <![CDATA[2]]>
              </value>
            </param>
          </params>
          <reporter-output>
          </reporter-output>
        </test-method> <!-- setUp -->
        <test-method signature="test()[pri:0, instance:com.browserstack.run_parallel_test.ParallelTest@400cff1a]" started-at="2021-09-10T11:13:06Z" name="test" finished-at="2021-09-10T11:13:15Z" duration-ms="8322" status="PASS">
          <reporter-output>
          </reporter-output>
        </test-method> <!-- test -->
        <test-method is-config="true" signature="tearDown()[pri:0, instance:com.browserstack.run_parallel_test.ParallelTest@400cff1a]" started-at="2021-09-10T11:13:15Z" name="tearDown" finished-at="2021-09-10T11:13:15Z" duration-ms="781" status="PASS">
          <reporter-output>
          </reporter-output>
        </test-method> <!-- tearDown -->
      </class> <!-- com.browserstack.run_parallel_test.ParallelTest -->
    </test> <!-- ParallelTestGalaxyS21 -->
  </suite> <!-- Parallel -->
</testng-results>
